# JRE version: Java(TM) SE Runtime Environment (8.0_25-b17) (build 1.8.0_25-b17)
# Java VM: Java HotSpot(TM) 64-Bit Server VM (25.25-b02 mixed mode bsd-amd64 compressed oops)
Heap:
 PSYoungGen      total 158720K, used 99719K [0x00000007b5580000, 0x00000007c0000000, 0x00000007c0000000)
  eden space 142848K, 62% used [0x00000007b5580000,0x00000007bacf4e10,0x00000007be100000)
  from space 15872K, 64% used [0x00000007bf080000,0x00000007bfa6d158,0x00000007c0000000)
  to   space 15872K, 0% used [0x00000007be100000,0x00000007be100000,0x00000007bf080000)
 ParOldGen       total 44032K, used 27005K [0x00000007a0000000, 0x00000007a2b00000, 0x00000007b5580000)
  object space 44032K, 61% used [0x00000007a0000000,0x00000007a1a5f4c0,0x00000007a2b00000)
 Metaspace       used 11765K, capacity 12002K, committed 12160K, reserved 1060864K
  class space    used 1099K, capacity 1149K, committed 1152K, reserved 1048576K
GC Heap History (10 events):
Event: 7.318 GC heap before
{Heap before GC invocations=13 (full 1):
 PSYoungGen      total 130048K, used 125660K [0x00000007b5580000, 0x00000007bff80000, 0x00000007c0000000)
  eden space 115712K, 99% used [0x00000007b5580000,0x00000007bc67b650,0x00000007bc680000)
  from space 14336K, 69% used [0x00000007bc680000,0x00000007bd03bbc0,0x00000007bd480000)
  to   space 14848K, 0% used [0x00000007bf100000,0x00000007bf100000,0x00000007bff80000)
 ParOldGen       total 44032K, used 27005K [0x00000007a0000000, 0x00000007a2b00000, 0x00000007b5580000)
  object space 44032K, 61% used [0x00000007a0000000,0x00000007a1a5f4c0,0x00000007a2b00000)
 Metaspace       used 11512K, capacity 11744K, committed 11904K, reserved 1060864K
  class space    used 1095K, capacity 1149K, committed 1152K, reserved 1048576K
Event: 7.347 GC heap after
Heap after GC invocations=13 (full 1):
 PSYoungGen      total 158720K, used 10032K [0x00000007b5580000, 0x00000007c0000000, 0x00000007c0000000)
  eden space 143872K, 0% used [0x00000007b5580000,0x00000007b5580000,0x00000007be200000)
  from space 14848K, 67% used [0x00000007bf100000,0x00000007bfacc1d8,0x00000007bff80000)
  to   space 15360K, 0% used [0x00000007be200000,0x00000007be200000,0x00000007bf100000)
 ParOldGen       total 44032K, used 27005K [0x00000007a0000000, 0x00000007a2b00000, 0x00000007b5580000)
  object space 44032K, 61% used [0x00000007a0000000,0x00000007a1a5f4c0,0x00000007a2b00000)
 Metaspace       used 11512K, capacity 11744K, committed 11904K, reserved 1060864K
  class space    used 1095K, capacity 1149K, committed 1152K, reserved 1048576K
}
Event: 8.184 GC heap before
{Heap before GC invocations=14 (full 1):
 PSYoungGen      total 158720K, used 153904K [0x00000007b5580000, 0x00000007c0000000, 0x00000007c0000000)
  eden space 143872K, 100% used [0x00000007b5580000,0x00000007be200000,0x00000007be200000)
  from space 14848K, 67% used [0x00000007bf100000,0x00000007bfacc1d8,0x00000007bff80000)
  to   space 15360K, 0% used [0x00000007be200000,0x00000007be200000,0x00000007bf100000)
 ParOldGen       total 44032K, used 27005K [0x00000007a0000000, 0x00000007a2b00000, 0x00000007b5580000)
  object space 44032K, 61% used [0x00000007a0000000,0x00000007a1a5f4c0,0x00000007a2b00000)
 Metaspace       used 11604K, capacity 11809K, committed 11904K, reserved 1060864K
  class space    used 1098K, capacity 1149K, committed 1152K, reserved 1048576K
Event: 8.210 GC heap after
Heap after GC invocations=14 (full 1):
 PSYoungGen      total 154112K, used 10102K [0x00000007b5580000, 0x00000007c0000000, 0x00000007c0000000)
  eden space 143872K, 0% used [0x00000007b5580000,0x00000007b5580000,0x00000007be200000)
  from space 10240K, 98% used [0x00000007be200000,0x00000007bebdd9e8,0x00000007bec00000)
  to   space 15872K, 0% used [0x00000007bf080000,0x00000007bf080000,0x00000007c0000000)
 ParOldGen       total 44032K, used 27005K [0x00000007a0000000, 0x00000007a2b00000, 0x00000007b5580000)
  object space 44032K, 61% used [0x00000007a0000000,0x00000007a1a5f4c0,0x00000007a2b00000)
 Metaspace       used 11604K, capacity 11809K, committed 11904K, reserved 1060864K
  class space    used 1098K, capacity 1149K, committed 1152K, reserved 1048576K
}
Event: 9.341 GC heap before
{Heap before GC invocations=15 (full 1):
 PSYoungGen      total 154112K, used 153974K [0x00000007b5580000, 0x00000007c0000000, 0x00000007c0000000)
  eden space 143872K, 100% used [0x00000007b5580000,0x00000007be200000,0x00000007be200000)
  from space 10240K, 98% used [0x00000007be200000,0x00000007bebdd9e8,0x00000007bec00000)
  to   space 15872K, 0% used [0x00000007bf080000,0x00000007bf080000,0x00000007c0000000)
 ParOldGen       total 44032K, used 27005K [0x00000007a0000000, 0x00000007a2b00000, 0x00000007b5580000)
  object space 44032K, 61% used [0x00000007a0000000,0x00000007a1a5f4c0,0x00000007a2b00000)
 Metaspace       used 11604K, capacity 11809K, committed 11904K, reserved 1060864K
  class space    used 1098K, capacity 1149K, committed 1152K, reserved 1048576K
Event: 9.363 GC heap after
Heap after GC invocations=15 (full 1):
 PSYoungGen      total 158720K, used 10158K [0x00000007b5580000, 0x00000007c0000000, 0x00000007c0000000)
  eden space 142848K, 0% used [0x00000007b5580000,0x00000007b5580000,0x00000007be100000)
  from space 15872K, 64% used [0x00000007bf080000,0x00000007bfa6ba40,0x00000007c0000000)
  to   space 15872K, 0% used [0x00000007be100000,0x00000007be100000,0x00000007bf080000)
 ParOldGen       total 44032K, used 27005K [0x00000007a0000000, 0x00000007a2b00000, 0x00000007b5580000)
  object space 44032K, 61% used [0x00000007a0000000,0x00000007a1a5f4c0,0x00000007a2b00000)
 Metaspace       used 11604K, capacity 11809K, committed 11904K, reserved 1060864K
  class space    used 1098K, capacity 1149K, committed 1152K, reserved 1048576K
}
Event: 10.444 GC heap before
{Heap before GC invocations=16 (full 1):
 PSYoungGen      total 158720K, used 153006K [0x00000007b5580000, 0x00000007c0000000, 0x00000007c0000000)
  eden space 142848K, 100% used [0x00000007b5580000,0x00000007be100000,0x00000007be100000)
  from space 15872K, 64% used [0x00000007bf080000,0x00000007bfa6ba40,0x00000007c0000000)
  to   space 15872K, 0% used [0x00000007be100000,0x00000007be100000,0x00000007bf080000)
 ParOldGen       total 44032K, used 27005K [0x00000007a0000000, 0x00000007a2b00000, 0x00000007b5580000)
  object space 44032K, 61% used [0x00000007a0000000,0x00000007a1a5f4c0,0x00000007a2b00000)
 Metaspace       used 11604K, capacity 11809K, committed 11904K, reserved 1060864K
  class space    used 1098K, capacity 1149K, committed 1152K, reserved 1048576K
Event: 10.468 GC heap after
Heap after GC invocations=16 (full 1):
 PSYoungGen      total 158720K, used 10178K [0x00000007b5580000, 0x00000007c0000000, 0x00000007c0000000)
  eden space 142848K, 0% used [0x00000007b5580000,0x00000007b5580000,0x00000007be100000)
  from space 15872K, 64% used [0x00000007be100000,0x00000007beaf0aa8,0x00000007bf080000)
  to   space 15872K, 0% used [0x00000007bf080000,0x00000007bf080000,0x00000007c0000000)
 ParOldGen       total 44032K, used 27005K [0x00000007a0000000, 0x00000007a2b00000, 0x00000007b5580000)
  object space 44032K, 61% used [0x00000007a0000000,0x00000007a1a5f4c0,0x00000007a2b00000)
 Metaspace       used 11604K, capacity 11809K, committed 11904K, reserved 1060864K
  class space    used 1098K, capacity 1149K, committed 1152K, reserved 1048576K
}
Event: 11.544 GC heap before
{Heap before GC invocations=17 (full 1):
 PSYoungGen      total 158720K, used 153026K [0x00000007b5580000, 0x00000007c0000000, 0x00000007c0000000)
  eden space 142848K, 100% used [0x00000007b5580000,0x00000007be100000,0x00000007be100000)
  from space 15872K, 64% used [0x00000007be100000,0x00000007beaf0aa8,0x00000007bf080000)
  to   space 15872K, 0% used [0x00000007bf080000,0x00000007bf080000,0x00000007c0000000)
 ParOldGen       total 44032K, used 27005K [0x00000007a0000000, 0x00000007a2b00000, 0x00000007b5580000)
  object space 44032K, 61% used [0x00000007a0000000,0x00000007a1a5f4c0,0x00000007a2b00000)
 Metaspace       used 11604K, capacity 11809K, committed 11904K, reserved 1060864K
  class space    used 1098K, capacity 1149K, committed 1152K, reserved 1048576K
Event: 11.565 GC heap after
Heap after GC invocations=17 (full 1):
 PSYoungGen      total 158720K, used 10164K [0x00000007b5580000, 0x00000007c0000000, 0x00000007c0000000)
  eden space 142848K, 0% used [0x00000007b5580000,0x00000007b5580000,0x00000007be100000)
  from space 15872K, 64% used [0x00000007bf080000,0x00000007bfa6d158,0x00000007c0000000)
  to   space 15872K, 0% used [0x00000007be100000,0x00000007be100000,0x00000007bf080000)
 ParOldGen       total 44032K, used 27005K [0x00000007a0000000, 0x00000007a2b00000, 0x00000007b5580000)
  object space 44032K, 61% used [0x00000007a0000000,0x00000007a1a5f4c0,0x00000007a2b00000)
 Metaspace       used 11604K, capacity 11809K, committed 11904K, reserved 1060864K
  class space    used 1098K, capacity 1149K, committed 1152K, reserved 1048576K
}

