# JRE version: Java(TM) SE Runtime Environment (8.0_25-b17) (build 1.8.0_25-b17)
# Java VM: Java HotSpot(TM) 64-Bit Server VM (25.25-b02 mixed mode bsd-amd64 compressed oops)
Heap:
 PSYoungGen      total 153600K, used 119320K [0x00000007b5580000, 0x00000007bf500000, 0x00000007c0000000)
  eden space 143360K, 83% used [0x00000007b5580000,0x00000007bca062a8,0x00000007be180000)
  from space 10240K, 0% used [0x00000007be180000,0x00000007be180000,0x00000007beb80000)
  to   space 9728K, 0% used [0x00000007beb80000,0x00000007beb80000,0x00000007bf500000)
 ParOldGen       total 286720K, used 156165K [0x00000007a0000000, 0x00000007b1800000, 0x00000007b5580000)
  object space 286720K, 54% used [0x00000007a0000000,0x00000007a9881488,0x00000007b1800000)
 Metaspace       used 106452K, capacity 114919K, committed 115160K, reserved 1148928K
  class space    used 12656K, capacity 15234K, committed 15360K, reserved 1048576K
GC Heap History (10 events):
Event: 5713.669 GC heap before
{Heap before GC invocations=274 (full 93):
 PSYoungGen      total 141824K, used 141809K [0x00000007b5580000, 0x00000007bf400000, 0x00000007c0000000)
  eden space 137216K, 100% used [0x00000007b5580000,0x00000007bdb80000,0x00000007bdb80000)
  from space 4608K, 99% used [0x00000007be280000,0x00000007be6fc500,0x00000007be700000)
  to   space 7168K, 0% used [0x00000007bdb80000,0x00000007bdb80000,0x00000007be280000)
 ParOldGen       total 286720K, used 153231K [0x00000007a0000000, 0x00000007b1800000, 0x00000007b5580000)
  object space 286720K, 53% used [0x00000007a0000000,0x00000007a95a3ef0,0x00000007b1800000)
 Metaspace       used 105813K, capacity 114017K, committed 114264K, reserved 1148928K
  class space    used 12600K, capacity 15105K, committed 15232K, reserved 1048576K
Event: 5713.695 GC heap after
Heap after GC invocations=274 (full 93):
 PSYoungGen      total 144384K, used 7158K [0x00000007b5580000, 0x00000007bf500000, 0x00000007c0000000)
  eden space 137216K, 0% used [0x00000007b5580000,0x00000007b5580000,0x00000007bdb80000)
  from space 7168K, 99% used [0x00000007bdb80000,0x00000007be27d960,0x00000007be280000)
  to   space 9728K, 0% used [0x00000007beb80000,0x00000007beb80000,0x00000007bf500000)
 ParOldGen       total 286720K, used 155628K [0x00000007a0000000, 0x00000007b1800000, 0x00000007b5580000)
  object space 286720K, 54% used [0x00000007a0000000,0x00000007a97fb350,0x00000007b1800000)
 Metaspace       used 105813K, capacity 114017K, committed 114264K, reserved 1148928K
  class space    used 12600K, capacity 15105K, committed 15232K, reserved 1048576K
}
Event: 5724.410 GC heap before
{Heap before GC invocations=275 (full 93):
 PSYoungGen      total 144384K, used 45835K [0x00000007b5580000, 0x00000007bf500000, 0x00000007c0000000)
  eden space 137216K, 28% used [0x00000007b5580000,0x00000007b7b45510,0x00000007bdb80000)
  from space 7168K, 99% used [0x00000007bdb80000,0x00000007be27d960,0x00000007be280000)
  to   space 9728K, 0% used [0x00000007beb80000,0x00000007beb80000,0x00000007bf500000)
 ParOldGen       total 286720K, used 155628K [0x00000007a0000000, 0x00000007b1800000, 0x00000007b5580000)
  object space 286720K, 54% used [0x00000007a0000000,0x00000007a97fb350,0x00000007b1800000)
 Metaspace       used 106057K, capacity 114465K, committed 114776K, reserved 1148928K
  class space    used 12622K, capacity 15169K, committed 15232K, reserved 1048576K
Event: 5724.429 GC heap after
Heap after GC invocations=275 (full 93):
 PSYoungGen      total 153088K, used 6131K [0x00000007b5580000, 0x00000007bf600000, 0x00000007c0000000)
  eden space 143360K, 0% used [0x00000007b5580000,0x00000007b5580000,0x00000007be180000)
  from space 9728K, 63% used [0x00000007beb80000,0x00000007bf17cc48,0x00000007bf500000)
  to   space 10240K, 0% used [0x00000007be180000,0x00000007be180000,0x00000007beb80000)
 ParOldGen       total 286720K, used 155628K [0x00000007a0000000, 0x00000007b1800000, 0x00000007b5580000)
  object space 286720K, 54% used [0x00000007a0000000,0x00000007a97fb350,0x00000007b1800000)
 Metaspace       used 106057K, capacity 114465K, committed 114776K, reserved 1148928K
  class space    used 12622K, capacity 15169K, committed 15232K, reserved 1048576K
}
Event: 5724.429 GC heap before
{Heap before GC invocations=276 (full 94):
 PSYoungGen      total 153088K, used 6131K [0x00000007b5580000, 0x00000007bf600000, 0x00000007c0000000)
  eden space 143360K, 0% used [0x00000007b5580000,0x00000007b5580000,0x00000007be180000)
  from space 9728K, 63% used [0x00000007beb80000,0x00000007bf17cc48,0x00000007bf500000)
  to   space 10240K, 0% used [0x00000007be180000,0x00000007be180000,0x00000007beb80000)
 ParOldGen       total 286720K, used 155628K [0x00000007a0000000, 0x00000007b1800000, 0x00000007b5580000)
  object space 286720K, 54% used [0x00000007a0000000,0x00000007a97fb350,0x00000007b1800000)
 Metaspace       used 106057K, capacity 114465K, committed 114776K, reserved 1148928K
  class space    used 12622K, capacity 15169K, committed 15232K, reserved 1048576K
Event: 5725.421 GC heap after
Heap after GC invocations=276 (full 94):
 PSYoungGen      total 153088K, used 0K [0x00000007b5580000, 0x00000007bf600000, 0x00000007c0000000)
  eden space 143360K, 0% used [0x00000007b5580000,0x00000007b5580000,0x00000007be180000)
  from space 9728K, 0% used [0x00000007beb80000,0x00000007beb80000,0x00000007bf500000)
  to   space 10240K, 0% used [0x00000007be180000,0x00000007be180000,0x00000007beb80000)
 ParOldGen       total 286720K, used 155853K [0x00000007a0000000, 0x00000007b1800000, 0x00000007b5580000)
  object space 286720K, 54% used [0x00000007a0000000,0x00000007a98335f8,0x00000007b1800000)
 Metaspace       used 106057K, capacity 114465K, committed 114776K, reserved 1148928K
  class space    used 12622K, capacity 15169K, committed 15232K, reserved 1048576K
}
Event: 5785.132 GC heap before
{Heap before GC invocations=277 (full 94):
 PSYoungGen      total 153088K, used 23643K [0x00000007b5580000, 0x00000007bf600000, 0x00000007c0000000)
  eden space 143360K, 16% used [0x00000007b5580000,0x00000007b6c96f08,0x00000007be180000)
  from space 9728K, 0% used [0x00000007beb80000,0x00000007beb80000,0x00000007bf500000)
  to   space 10240K, 0% used [0x00000007be180000,0x00000007be180000,0x00000007beb80000)
 ParOldGen       total 286720K, used 155853K [0x00000007a0000000, 0x00000007b1800000, 0x00000007b5580000)
  object space 286720K, 54% used [0x00000007a0000000,0x00000007a98335f8,0x00000007b1800000)
 Metaspace       used 106108K, capacity 114497K, committed 114776K, reserved 1148928K
  class space    used 12626K, capacity 15201K, committed 15232K, reserved 1048576K
Event: 5785.140 GC heap after
Heap after GC invocations=277 (full 94):
 PSYoungGen      total 153600K, used 1376K [0x00000007b5580000, 0x00000007bf500000, 0x00000007c0000000)
  eden space 143360K, 0% used [0x00000007b5580000,0x00000007b5580000,0x00000007be180000)
  from space 10240K, 13% used [0x00000007be180000,0x00000007be2d8010,0x00000007beb80000)
  to   space 9728K, 0% used [0x00000007beb80000,0x00000007beb80000,0x00000007bf500000)
 ParOldGen       total 286720K, used 155861K [0x00000007a0000000, 0x00000007b1800000, 0x00000007b5580000)
  object space 286720K, 54% used [0x00000007a0000000,0x00000007a98355f8,0x00000007b1800000)
 Metaspace       used 106108K, capacity 114497K, committed 114776K, reserved 1148928K
  class space    used 12626K, capacity 15201K, committed 15232K, reserved 1048576K
}
Event: 5785.140 GC heap before
{Heap before GC invocations=278 (full 95):
 PSYoungGen      total 153600K, used 1376K [0x00000007b5580000, 0x00000007bf500000, 0x00000007c0000000)
  eden space 143360K, 0% used [0x00000007b5580000,0x00000007b5580000,0x00000007be180000)
  from space 10240K, 13% used [0x00000007be180000,0x00000007be2d8010,0x00000007beb80000)
  to   space 9728K, 0% used [0x00000007beb80000,0x00000007beb80000,0x00000007bf500000)
 ParOldGen       total 286720K, used 155861K [0x00000007a0000000, 0x00000007b1800000, 0x00000007b5580000)
  object space 286720K, 54% used [0x00000007a0000000,0x00000007a98355f8,0x00000007b1800000)
 Metaspace       used 106108K, capacity 114497K, committed 114776K, reserved 1148928K
  class space    used 12626K, capacity 15201K, committed 15232K, reserved 1048576K
Event: 5785.914 GC heap after
Heap after GC invocations=278 (full 95):
 PSYoungGen      total 153600K, used 0K [0x00000007b5580000, 0x00000007bf500000, 0x00000007c0000000)
  eden space 143360K, 0% used [0x00000007b5580000,0x00000007b5580000,0x00000007be180000)
  from space 10240K, 0% used [0x00000007be180000,0x00000007be180000,0x00000007beb80000)
  to   space 9728K, 0% used [0x00000007beb80000,0x00000007beb80000,0x00000007bf500000)
 ParOldGen       total 286720K, used 156165K [0x00000007a0000000, 0x00000007b1800000, 0x00000007b5580000)
  object space 286720K, 54% used [0x00000007a0000000,0x00000007a9881488,0x00000007b1800000)
 Metaspace       used 106108K, capacity 114497K, committed 114776K, reserved 1148928K
  class space    used 12626K, capacity 15201K, committed 15232K, reserved 1048576K
}

